<?xml version="1.0" encoding="UTF-8"?>
<testsuite xmlns:xsi="http://www.w3.org/2001/XMLSchema-instance" xsi:noNamespaceSchemaLocation="https://maven.apache.org/surefire/maven-surefire-plugin/xsd/surefire-test-report.xsd" name="com.ontariotechu.sofe3980U.BinaryTest" time="0.002" tests="20" errors="0" skipped="0" failures="2">
  <properties>
[...]
</properties>
  <testcase name="constructorWithInvalidDigits" classname="com.ontariotechu.sofe3980U.BinaryTest" time="0"/>
  <testcase name="multiply1" classname="com.ontariotechu.sofe3980U.BinaryTest" time="0"/>
  <testcase name="multiply2" classname="com.ontariotechu.sofe3980U.BinaryTest" time="0"/>
  <testcase name="multiply3" classname="com.ontariotechu.sofe3980U.BinaryTest" time="0"/>
  <testcase name="add" classname="com.ontariotechu.sofe3980U.BinaryTest" time="0"/>
  <testcase name="or1" classname="com.ontariotechu.sofe3980U.BinaryTest" time="0"/>
  <testcase name="or2" classname="com.ontariotechu.sofe3980U.BinaryTest" time="0"/>
  <testcase name="or3" classname="com.ontariotechu.sofe3980U.BinaryTest" time="0"/>
  <testcase name="add2" classname="com.ontariotechu.sofe3980U.BinaryTest" time="0"/>
  <testcase name="add3" classname="com.ontariotechu.sofe3980U.BinaryTest" time="0"/>
  <testcase name="add4" classname="com.ontariotechu.sofe3980U.BinaryTest" time="0"/>
  <testcase name="add5" classname="com.ontariotechu.sofe3980U.BinaryTest" time="0"/>
  <testcase name="and1" classname="com.ontariotechu.sofe3980U.BinaryTest" time="0">
    <failure type="java.lang.AssertionError">java.lang.AssertionError
	at com.ontariotechu.sofe3980U.BinaryTest.and1(BinaryTest.java:163)
</failure>
  </testcase>
  <testcase name="and2" classname="com.ontariotechu.sofe3980U.BinaryTest" time="0">
    <failure type="java.lang.AssertionError">java.lang.AssertionError
	at com.ontariotechu.sofe3980U.BinaryTest.and2(BinaryTest.java:174)
</failure>
  </testcase>
  <testcase name="and3" classname="com.ontariotechu.sofe3980U.BinaryTest" time="0"/>
  <testcase name="constructorWithNegativeSign" classname="com.ontariotechu.sofe3980U.BinaryTest" time="0"/>
  <testcase name="constructorWithInvalidChars" classname="com.ontariotechu.sofe3980U.BinaryTest" time="0"/>
  <testcase name="constructorEmptyString" classname="com.ontariotechu.sofe3980U.BinaryTest" time="0.001"/>
  <testcase name="normalConstructor" classname="com.ontariotechu.sofe3980U.BinaryTest" time="0"/>
  <testcase name="constructorWithZeroTailing" classname="com.ontariotechu.sofe3980U.BinaryTest" time="0"/>
</testsuite>